<?xml version="1.0" encoding="UTF-8"?>
<testsuite xmlns:xsi="http://www.w3.org/2001/XMLSchema-instance" xsi:noNamespaceSchemaLocation="https://maven.apache.org/surefire/maven-surefire-plugin/xsd/surefire-test-report-3.0.xsd" version="3.0" name="test.parqueaderoTest" time="0.069" tests="10" errors="0" skipped="0" failures="0">
  <properties>
    <property name="java.specification.version" value="23"/>
    <property name="sun.cpu.isalist" value="amd64"/>
    <property name="sun.jnu.encoding" value="Cp1252"/>
    <property name="java.class.path" value="C:\Users\estra\OneDrive\Documentos\NetBeansProjects\parqueadero\target\test-classes;C:\Users\estra\OneDrive\Documentos\NetBeansProjects\parqueadero\target\classes;C:\Users\estra\.m2\repository\org\junit\jupiter\junit-jupiter-api\5.13.0-M2\junit-jupiter-api-5.13.0-M2.jar;C:\Users\estra\.m2\repository\org\opentest4j\opentest4j\1.3.0\opentest4j-1.3.0.jar;C:\Users\estra\.m2\repository\org\junit\platform\junit-platform-commons\1.13.0-M2\junit-platform-commons-1.13.0-M2.jar;C:\Users\estra\.m2\repository\org\apiguardian\apiguardian-api\1.1.2\apiguardian-api-1.1.2.jar;"/>
    <property name="java.vm.vendor" value="Oracle Corporation"/>
    <property name="sun.arch.data.model" value="64"/>
    <property name="user.variant" value=""/>
    <property name="java.vendor.url" value="https://java.oracle.com/"/>
    <property name="user.timezone" value="America/Bogota"/>
    <property name="os.name" value="Windows 11"/>
    <property name="java.vm.specification.version" value="23"/>
    <property name="user.country" value="CO"/>
    <property name="sun.java.launcher" value="SUN_STANDARD"/>
    <property name="sun.boot.library.path" value="C:\Program Files\Java\jdk-23\bin"/>
    <property name="sun.java.command" value="C:\Users\estra\AppData\Local\Temp\surefire15636722989650708252\surefirebooter-20250425194623861_3.jar C:\Users\estra\AppData\Local\Temp\surefire15636722989650708252 2025-04-25T19-46-23_647-jvmRun1 surefire-20250425194623861_1tmp surefire_0-20250425194623861_2tmp"/>
    <property name="jdk.debug" value="release"/>
    <property name="test" value="test.parqueaderoTest"/>
    <property name="surefire.test.class.path" value="C:\Users\estra\OneDrive\Documentos\NetBeansProjects\parqueadero\target\test-classes;C:\Users\estra\OneDrive\Documentos\NetBeansProjects\parqueadero\target\classes;C:\Users\estra\.m2\repository\org\junit\jupiter\junit-jupiter-api\5.13.0-M2\junit-jupiter-api-5.13.0-M2.jar;C:\Users\estra\.m2\repository\org\opentest4j\opentest4j\1.3.0\opentest4j-1.3.0.jar;C:\Users\estra\.m2\repository\org\junit\platform\junit-platform-commons\1.13.0-M2\junit-platform-commons-1.13.0-M2.jar;C:\Users\estra\.m2\repository\org\apiguardian\apiguardian-api\1.1.2\apiguardian-api-1.1.2.jar;"/>
    <property name="sun.cpu.endian" value="little"/>
    <property name="user.home" value="C:\Users\estra"/>
    <property name="user.language" value="es"/>
    <property name="java.specification.vendor" value="Oracle Corporation"/>
    <property name="java.version.date" value="2024-09-17"/>
    <property name="java.home" value="C:\Program Files\Java\jdk-23"/>
    <property name="file.separator" value="\"/>
    <property name="basedir" value="C:\Users\estra\OneDrive\Documentos\NetBeansProjects\parqueadero"/>
    <property name="java.vm.compressedOopsMode" value="32-bit"/>
    <property name="line.separator" value="&#10;"/>
    <property name="java.vm.specification.vendor" value="Oracle Corporation"/>
    <property name="java.specification.name" value="Java Platform API Specification"/>
    <property name="surefire.real.class.path" value="C:\Users\estra\AppData\Local\Temp\surefire15636722989650708252\surefirebooter-20250425194623861_3.jar"/>
    <property name="user.script" value=""/>
    <property name="sun.management.compiler" value="HotSpot 64-Bit Tiered Compilers"/>
    <property name="java.runtime.version" value="23+37-2369"/>
    <property name="user.name" value="estra"/>
    <property name="stdout.encoding" value="Cp1252"/>
    <property name="path.separator" value=";"/>
    <property name="os.version" value="10.0"/>
    <property name="java.runtime.name" value="Java(TM) SE Runtime Environment"/>
    <property name="file.encoding" value="UTF-8"/>
    <property name="java.vm.name" value="Java HotSpot(TM) 64-Bit Server VM"/>
    <property name="maven.ext.class.path" value="C:\Program Files\NetBeans-23\netbeans\java\maven-nblib\netbeans-eventspy.jar"/>
    <property name="localRepository" value="C:\Users\estra\.m2\repository"/>
    <property name="java.vendor.url.bug" value="https://bugreport.java.com/bugreport/"/>
    <property name="java.io.tmpdir" value="C:\Users\estra\AppData\Local\Temp\"/>
    <property name="java.version" value="23"/>
    <property name="user.dir" value="C:\Users\estra\OneDrive\Documentos\NetBeansProjects\parqueadero"/>
    <property name="os.arch" value="amd64"/>
    <property name="java.vm.specification.name" value="Java Virtual Machine Specification"/>
    <property name="sun.os.patch.level" value=""/>
    <property name="native.encoding" value="Cp1252"/>
    <property name="java.library.path" value="C:\Program Files\Java\jdk-23\bin;C:\WINDOWS\Sun\Java\bin;C:\WINDOWS\system32;C:\WINDOWS;C:\Program Files\Common Files\Oracle\Java\javapath;C:\Program Files (x86)\Common Files\Oracle\Java\java8path;C:\Program Files (x86)\Common Files\Oracle\Java\javapath;C:\WINDOWS\system32;C:\WINDOWS;C:\WINDOWS\System32\Wbem;C:\WINDOWS\System32\WindowsPowerShell\v1.0\;C:\WINDOWS\System32\OpenSSH\;C:\Program Files\dotnet\;C:\Program Files\Java\jdk-23\bin;C:\Users\estra\AppData\Local\Programs\Python\Python313\Scripts\;C:\Users\estra\AppData\Local\Programs\Python\Python313\;C:\Users\estra\AppData\Local\Programs\Python\Launcher\;C:\Users\estra\AppData\Local\Microsoft\WindowsApps;C:\msys64\ucrt64\bin;C:\Users\estra\AppData\Local\Programs\Microsoft VS Code\bin;."/>
    <property name="java.vm.info" value="mixed mode, sharing"/>
    <property name="stderr.encoding" value="Cp1252"/>
    <property name="java.vendor" value="Oracle Corporation"/>
    <property name="java.vm.version" value="23+37-2369"/>
    <property name="sun.io.unicode.encoding" value="UnicodeLittle"/>
    <property name="java.class.version" value="67.0"/>
  </properties>
  <testcase name="testAndGetCosto" classname="test.parqueaderoTest" time="0.027"/>
  <testcase name="testHoraEntrada" classname="test.parqueaderoTest" time="0.002"/>
  <testcase name="testDeterminarHoraDeEntradaYSalida" classname="test.parqueaderoTest" time="0.001"/>
  <testcase name="testMinutoSalida" classname="test.parqueaderoTest" time="0.0"/>
  <testcase name="testMinutoEntrada" classname="test.parqueaderoTest" time="0.001"/>
  <testcase name="testHorasUso" classname="test.parqueaderoTest" time="0.001"/>
  <testcase name="testHoraSalida" classname="test.parqueaderoTest" time="0.001"/>
  <testcase name="testCambio" classname="test.parqueaderoTest" time="0.001"/>
  <testcase name="testDeterminarValorPorHora" classname="test.parqueaderoTest" time="0.0"/>
  <testcase name="testValRecibido" classname="test.parqueaderoTest" time="0.001"/>
</testsuite>